<?xml version="1.0" encoding="UTF-8"?>
<!-- Generated by org.testng.reporters.JUnitXMLReporter -->
<testsuite ignored="0" hostname="DESKTOP-LH58MJ1" failures="0" tests="5" name="Header" time="79.267" errors="0" timestamp="2023-06-26T17:36:53 EDT">
  <testcase classname="delta_Airline.delta_header2" name="travel_info" time="14.429"/>
  <testcase classname="delta_Airline.delta_Header" name="book" time="12.563"/>
  <testcase classname="delta_Airline.delta_Header" name="checkin" time="15.126"/>
  <testcase classname="delta_Airline.delta_Header" name="flight_Status" time="27.074"/>
  <testcase classname="delta_Airline.delta_Header" name="myTrips" time="9.411"/>
</testsuite> <!-- Header -->
