<?xml version="1.0" encoding="UTF-8"?>
<!-- Generated by org.testng.reporters.JUnitXMLReporter -->
<testsuite ignored="0" hostname="DESKTOP-LH58MJ1" failures="0" tests="4" name="Default test" time="68.84" errors="0" timestamp="2023-06-24T22:24:20 EDT">
  <testcase classname="delta_Airline.delta_Header" name="book" time="20.56"/>
  <testcase classname="delta_Airline.delta_Header" name="checkin" time="13.997"/>
  <testcase classname="delta_Airline.delta_Header" name="flight_Status" time="21.021"/>
  <testcase classname="delta_Airline.delta_Header" name="myTrips" time="13.065"/>
</testsuite> <!-- Default test -->
