<?xml version="1.0" encoding="UTF-8"?>
<testng-results ignored="0" total="5" passed="5" failed="0" skipped="0">
  <reporter-output>
  </reporter-output>
  <suite started-at="2023-06-26T17:35:34 EDT" name="Delta_airline" finished-at="2023-06-26T17:36:53 EDT" duration-ms="79267">
    <groups>
    </groups>
    <test started-at="2023-06-26T17:35:34 EDT" name="Header" finished-at="2023-06-26T17:36:53 EDT" duration-ms="79267">
      <class name="delta_Airline.delta_Header">
        <test-method signature="book()[pri:0, instance:delta_Airline.delta_Header@55cb6996]" started-at="2023-06-26T17:35:49 EDT" name="book" finished-at="2023-06-26T17:36:01 EDT" duration-ms="12563" status="PASS">
          <reporter-output>
          </reporter-output>
        </test-method> <!-- book -->
        <test-method signature="checkin()[pri:0, instance:delta_Airline.delta_Header@55cb6996]" started-at="2023-06-26T17:36:01 EDT" name="checkin" finished-at="2023-06-26T17:36:16 EDT" duration-ms="15126" status="PASS">
          <reporter-output>
          </reporter-output>
        </test-method> <!-- checkin -->
        <test-method signature="flight_Status()[pri:0, instance:delta_Airline.delta_Header@55cb6996]" started-at="2023-06-26T17:36:16 EDT" name="flight_Status" finished-at="2023-06-26T17:36:44 EDT" duration-ms="27074" status="PASS">
          <reporter-output>
          </reporter-output>
        </test-method> <!-- flight_Status -->
        <test-method signature="myTrips()[pri:0, instance:delta_Airline.delta_Header@55cb6996]" started-at="2023-06-26T17:36:44 EDT" name="myTrips" finished-at="2023-06-26T17:36:53 EDT" duration-ms="9411" status="PASS">
          <reporter-output>
          </reporter-output>
        </test-method> <!-- myTrips -->
      </class> <!-- delta_Airline.delta_Header -->
      <class name="delta_Airline.delta_header2">
        <test-method signature="travel_info()[pri:0, instance:delta_Airline.delta_header2@6f204a1a]" started-at="2023-06-26T17:35:34 EDT" name="travel_info" finished-at="2023-06-26T17:35:48 EDT" duration-ms="14429" status="PASS">
          <reporter-output>
          </reporter-output>
        </test-method> <!-- travel_info -->
      </class> <!-- delta_Airline.delta_header2 -->
    </test> <!-- Header -->
  </suite> <!-- Delta_airline -->
</testng-results>
